Cron for Windows by http://wangheng.org : Service Started at [2013/1/11 10:33:15]
=============================================

Program or Command "get_all_servers{@@}" Started at [2013/1/11 10:33:15].
=============================================

=============================================

Program or Command "10.34.135.154:get_connect_servers{@@}" Started at [2013/1/11 10:33:15].
=============================================

=============================================

Program or Command "get_all_servers{@@}" Started at [2013/1/11 10:34:15].
=============================================

=============================================

Program or Command "10.34.135.154:get_connect_servers{@@}" Started at [2013/1/11 10:34:15].
=============================================

=============================================

Program or Command "get_all_servers{@@}" Started at [2013/1/11 10:35:15].
=============================================

=============================================

Program or Command "10.34.135.154:get_connect_servers{@@}" Started at [2013/1/11 10:35:15].
=============================================

=============================================

Program or Command "get_all_servers{@@}" Started at [2013/1/11 10:36:15].
=============================================

=============================================

Program or Command "10.34.135.154:get_connect_servers{@@}" Started at [2013/1/11 10:36:15].
=============================================

=============================================

Program or Command "get_all_servers{@@}" Started at [2013/1/11 10:38:07].
=============================================

=============================================

Program or Command "10.34.135.154:get_connect_servers{@@}" Started at [2013/1/11 10:38:07].
=============================================

=============================================

Program or Command "get_all_servers{@@}" Started at [2013/1/11 10:39:07].
=============================================

=============================================

Program or Command "10.34.135.154:get_connect_servers{@@}" Started at [2013/1/11 10:39:07].
=============================================

=============================================

Program or Command "get_all_servers{@@}" Started at [2013/1/11 10:40:07].
=============================================

=============================================

Program or Command "10.34.135.154:get_connect_servers{@@}" Started at [2013/1/11 10:40:07].
=============================================

=============================================

Program or Command "get_all_servers{@@}" Started at [2013/1/11 10:41:07].
=============================================

=============================================

Program or Command "10.34.135.154:get_connect_servers{@@}" Started at [2013/1/11 10:41:07].
=============================================

=============================================

Program or Command "get_all_servers{@@}" Started at [2013/1/11 10:42:07].
=============================================

=============================================

Program or Command "10.34.135.154:get_connect_servers{@@}" Started at [2013/1/11 10:42:07].
=============================================

=============================================

Program or Command "get_all_servers{@@}" Started at [2013/1/11 10:43:07].
=============================================

=============================================

Program or Command "10.34.135.154:get_connect_servers{@@}" Started at [2013/1/11 10:43:07].
=============================================

=============================================

Program or Command "get_all_servers{@@}" Started at [2013/1/11 10:44:07].
=============================================

=============================================

Program or Command "10.34.135.154:get_connect_servers{@@}" Started at [2013/1/11 10:44:07].
=============================================

=============================================

Program or Command "get_all_servers{@@}" Started at [2013/1/11 10:45:07].
=============================================

=============================================

Program or Command "10.34.135.154:get_connect_servers{@@}" Started at [2013/1/11 10:45:07].
=============================================

=============================================

Program or Command "get_all_servers{@@}" Started at [2013/1/11 10:46:07].
=============================================

=============================================

Program or Command "10.34.135.154:get_connect_servers{@@}" Started at [2013/1/11 10:46:07].
=============================================

=============================================

Program or Command "get_all_servers{@@}" Started at [2013/1/11 10:47:07].
=============================================

=============================================

Program or Command "10.34.135.154:get_connect_servers{@@}" Started at [2013/1/11 10:47:07].
=============================================

=============================================

Program or Command "get_all_servers{@@}" Started at [2013/1/11 10:48:07].
=============================================

=============================================

Program or Command "10.34.135.154:get_connect_servers{@@}" Started at [2013/1/11 10:48:07].
=============================================

=============================================

Program or Command "get_all_servers{@@}" Started at [2013/1/11 10:49:07].
=============================================

=============================================

Program or Command "10.34.135.154:get_connect_servers{@@}" Started at [2013/1/11 10:49:07].
=============================================

=============================================

Program or Command "get_all_servers{@@}" Started at [2013/1/11 10:50:07].
=============================================

=============================================

Program or Command "10.34.135.154:get_connect_servers{@@}" Started at [2013/1/11 10:50:07].
=============================================

=============================================

Program or Command "get_all_servers{@@}" Started at [2013/1/11 10:51:07].
=============================================

=============================================

Program or Command "10.34.135.154:get_connect_servers{@@}" Started at [2013/1/11 10:51:07].
=============================================

=============================================

Program or Command "get_all_servers{@@}" Started at [2013/1/11 10:52:07].
=============================================

=============================================

Program or Command "10.34.135.154:get_connect_servers{@@}" Started at [2013/1/11 10:52:07].
=============================================

=============================================

Program or Command "get_all_servers{@@}" Started at [2013/1/11 10:53:07].
=============================================

=============================================

Program or Command "10.34.135.154:get_connect_servers{@@}" Started at [2013/1/11 10:53:07].
=============================================

Cron for Windows by http://wangheng.org : Service Started at [2013/1/11 11:32:30]
=============================================

Program or Command "get_all_servers{@@}" Started at [2013/1/11 11:32:30].
=============================================

=============================================

Program or Command "10.34.135.154:get_connect_servers{@@}" Started at [2013/1/11 11:32:30].
=============================================

=============================================

Program or Command "get_all_servers{@@}" Started at [2013/1/11 11:33:30].
=============================================

=============================================

Program or Command "10.34.135.154:get_connect_servers{@@}" Started at [2013/1/11 11:33:30].
=============================================

Cron for Windows by http://wangheng.org : Service Started at [2013/1/11 11:39:49]
=============================================

Program or Command "get_all_servers{@@}" Started at [2013/1/11 11:39:49].
=============================================

=============================================

Program or Command "10.34.135.154:get_connect_servers{@@}" Started at [2013/1/11 11:39:49].
=============================================

Cron for Windows by http://wangheng.org : Service Started at [2013/1/11 11:40:51]
=============================================

Program or Command "get_all_servers{@@}" Started at [2013/1/11 11:40:51].
=============================================

=============================================

Program or Command "10.34.135.154:get_connect_servers{@@}" Started at [2013/1/11 11:40:51].
=============================================

=============================================

Program or Command "get_all_servers{@@}" Started at [2013/1/11 11:41:51].
=============================================

=============================================

Program or Command "10.34.135.154:get_connect_servers{@@}" Started at [2013/1/11 11:41:51].
=============================================

Cron for Windows by http://wangheng.org : Service Started at [2013/1/11 11:42:23]
=============================================

Program or Command "get_all_servers{@@}" Started at [2013/1/11 11:42:23].
=============================================

=============================================

Program or Command "10.34.135.154:get_connect_servers{@@}" Started at [2013/1/11 11:42:23].
=============================================

=============================================

Program or Command "get_all_servers{@@}" Started at [2013/1/11 11:43:23].
=============================================

=============================================

Program or Command "10.34.135.154:get_connect_servers{@@}" Started at [2013/1/11 11:43:23].
=============================================

Cron for Windows by http://wangheng.org : Service Started at [2013/1/11 11:43:49]
=============================================

Program or Command "get_all_servers{@@}" Started at [2013/1/11 11:43:49].
=============================================

=============================================

Program or Command "10.34.135.154:get_connect_servers{@@}" Started at [2013/1/11 11:43:50].
=============================================

Cron for Windows by http://wangheng.org : Service Started at [2013/1/11 11:45:05]
=============================================

Program or Command "get_all_servers{@@}" Started at [2013/1/11 11:45:05].
=============================================

=============================================

Program or Command "10.34.135.154:get_connect_servers{@@}" Started at [2013/1/11 11:45:05].
=============================================

Cron for Windows by http://wangheng.org : Service Started at [2013/1/11 11:48:45]
=============================================

Program or Command "get_all_servers{@@}" Started at [2013/1/11 11:48:45].
=============================================

=============================================

Program or Command "10.34.135.154:get_connect_servers{@@}" Started at [2013/1/11 11:48:45].
=============================================

Cron for Windows by http://wangheng.org : Service Started at [2013/1/11 11:50:05]
=============================================

Program or Command "get_all_servers{@@}" Started at [2013/1/11 11:50:05].
=============================================

=============================================

Program or Command "10.34.135.154:get_connect_servers{@@}" Started at [2013/1/11 11:50:05].
=============================================

Cron for Windows by http://wangheng.org : Service Started at [2013/1/11 11:51:55]
=============================================

Program or Command "get_all_servers{@@}" Started at [2013/1/11 11:51:55].
=============================================

=============================================

Program or Command "10.34.135.154:get_connect_servers{@@}" Started at [2013/1/11 11:51:55].
=============================================

Cron for Windows by http://wangheng.org : Service Started at [2013/1/11 11:56:31]
=============================================

Program or Command "get_all_servers{@@}" Started at [2013/1/11 11:56:31].
=============================================

=============================================

Program or Command "10.34.135.154:get_connect_servers{@@}" Started at [2013/1/11 11:56:31].
=============================================

Cron for Windows by http://wangheng.org : Service Started at [2013/1/11 12:01:18]
=============================================

Program or Command "get_all_servers{@@}" Started at [2013/1/11 12:01:18].
=============================================

=============================================

Program or Command "10.34.135.154:get_connect_servers{@@}" Started at [2013/1/11 12:01:18].
=============================================

=============================================

Program or Command "get_all_servers{@@}" Started at [2013/1/11 12:02:18].
=============================================

=============================================

Program or Command "10.34.135.154:get_connect_servers{@@}" Started at [2013/1/11 12:02:18].
=============================================

Cron for Windows by http://wangheng.org : Service Started at [2013/1/11 12:03:45]
=============================================

Program or Command "get_all_servers{@@}" Started at [2013/1/11 12:03:45].
=============================================

=============================================

Program or Command "10.34.135.154:get_connect_servers{@@}" Started at [2013/1/11 12:03:45].
=============================================

Cron for Windows by http://wangheng.org : Service Started at [2013/1/11 12:07:12]
=============================================

Program or Command "get_all_servers{@@}" Started at [2013/1/11 12:07:12].
=============================================

=============================================

Program or Command "10.34.135.154:get_connect_servers{@@}" Started at [2013/1/11 12:07:12].
=============================================

Cron for Windows by http://wangheng.org : Service Started at [2013/1/11 12:08:39]
=============================================

Program or Command "get_all_servers{@@}" Started at [2013/1/11 12:08:39].
=============================================

=============================================

Program or Command "10.34.135.154:get_connect_servers{@@}" Started at [2013/1/11 12:08:39].
=============================================

Cron for Windows by http://wangheng.org : Service Started at [2013/1/11 12:14:40]
=============================================

Program or Command "get_all_servers{@@}" Started at [2013/1/11 12:14:40].
=============================================

=============================================

Program or Command "10.34.135.154:get_connect_servers{@@}" Started at [2013/1/11 12:14:40].
=============================================

Cron for Windows by http://wangheng.org : Service Started at [2013/1/11 12:15:52]
=============================================

Program or Command "get_all_servers{@@}" Started at [2013/1/11 12:15:52].
=============================================

=============================================

Program or Command "10.34.135.154:get_connect_servers{@@}" Started at [2013/1/11 12:15:52].
=============================================

Cron for Windows by http://wangheng.org : Service Started at [2013/1/11 12:17:00]
=============================================

Program or Command "get_all_servers{@@}" Started at [2013/1/11 12:17:01].
=============================================

=============================================

Program or Command "10.34.135.154:get_connect_servers{@@}" Started at [2013/1/11 12:17:01].
=============================================

Cron for Windows by http://wangheng.org : Service Started at [2013/1/11 13:28:23]
=============================================

Program or Command "get_all_servers{@@}" Started at [2013/1/11 13:28:23].
=============================================

=============================================

Program or Command "10.34.135.154:get_connect_servers{@@}" Started at [2013/1/11 13:28:23].
=============================================

=============================================

Program or Command "get_all_servers{@@}" Started at [2013/1/11 13:29:24].
=============================================

=============================================

Program or Command "10.34.135.154:get_connect_servers{@@}" Started at [2013/1/11 13:29:24].
=============================================

=============================================

Program or Command "get_all_servers{@@}" Started at [2013/1/11 13:30:24].
=============================================

=============================================

Program or Command "10.34.135.154:get_connect_servers{@@}" Started at [2013/1/11 13:30:24].
=============================================

=============================================

Program or Command "get_all_servers{@@}" Started at [2013/1/11 13:31:24].
=============================================

=============================================

Program or Command "10.34.135.154:get_connect_servers{@@}" Started at [2013/1/11 13:31:24].
=============================================

=============================================

Program or Command "get_all_servers{@@}" Started at [2013/1/11 13:32:24].
=============================================

=============================================

Program or Command "10.34.135.154:get_connect_servers{@@}" Started at [2013/1/11 13:32:24].
=============================================

=============================================

Program or Command "get_all_servers{@@}" Started at [2013/1/11 13:33:24].
=============================================

=============================================

Program or Command "10.34.135.154:get_connect_servers{@@}" Started at [2013/1/11 13:33:24].
=============================================

=============================================

Program or Command "get_all_servers{@@}" Started at [2013/1/11 13:34:24].
=============================================

=============================================

Program or Command "10.34.135.154:get_connect_servers{@@}" Started at [2013/1/11 13:34:24].
=============================================

=============================================

Program or Command "get_all_servers{@@}" Started at [2013/1/11 13:35:24].
=============================================

=============================================

Program or Command "10.34.135.154:get_connect_servers{@@}" Started at [2013/1/11 13:35:24].
=============================================

=============================================

Program or Command "get_all_servers{@@}" Started at [2013/1/11 13:36:24].
=============================================

=============================================

Program or Command "10.34.135.154:get_connect_servers{@@}" Started at [2013/1/11 13:36:24].
=============================================

=============================================

Program or Command "get_all_servers{@@}" Started at [2013/1/11 13:37:24].
=============================================

=============================================

Program or Command "10.34.135.154:get_connect_servers{@@}" Started at [2013/1/11 13:37:24].
=============================================

=============================================

Program or Command "get_all_servers{@@}" Started at [2013/1/11 13:38:24].
=============================================

=============================================

Program or Command "10.34.135.154:get_connect_servers{@@}" Started at [2013/1/11 13:38:24].
=============================================

=============================================

Program or Command "get_all_servers{@@}" Started at [2013/1/11 13:39:24].
=============================================

=============================================

Program or Command "10.34.135.154:get_connect_servers{@@}" Started at [2013/1/11 13:39:24].
=============================================

=============================================

Program or Command "get_all_servers{@@}" Started at [2013/1/11 13:40:24].
=============================================

=============================================

Program or Command "10.34.135.154:get_connect_servers{@@}" Started at [2013/1/11 13:40:24].
=============================================

=============================================

Program or Command "get_all_servers{@@}" Started at [2013/1/11 13:41:24].
=============================================

=============================================

Program or Command "10.34.135.154:get_connect_servers{@@}" Started at [2013/1/11 13:41:24].
=============================================

=============================================

Program or Command "get_all_servers{@@}" Started at [2013/1/11 13:42:24].
=============================================

=============================================

Program or Command "10.34.135.154:get_connect_servers{@@}" Started at [2013/1/11 13:42:24].
=============================================

=============================================

Program or Command "get_all_servers{@@}" Started at [2013/1/11 13:43:24].
=============================================

=============================================

Program or Command "10.34.135.154:get_connect_servers{@@}" Started at [2013/1/11 13:43:24].
=============================================

=============================================

Program or Command "get_all_servers{@@}" Started at [2013/1/11 13:44:24].
=============================================

=============================================

Program or Command "10.34.135.154:get_connect_servers{@@}" Started at [2013/1/11 13:44:24].
=============================================

=============================================

Program or Command "get_all_servers{@@}" Started at [2013/1/11 13:45:24].
=============================================

=============================================

Program or Command "10.34.135.154:get_connect_servers{@@}" Started at [2013/1/11 13:45:24].
=============================================

=============================================

Program or Command "get_all_servers{@@}" Started at [2013/1/11 13:46:24].
=============================================

=============================================

Program or Command "10.34.135.154:get_connect_servers{@@}" Started at [2013/1/11 13:46:24].
=============================================

=============================================

Program or Command "get_all_servers{@@}" Started at [2013/1/11 13:47:24].
=============================================

=============================================

Program or Command "10.34.135.154:get_connect_servers{@@}" Started at [2013/1/11 13:47:24].
=============================================

=============================================

Program or Command "get_all_servers{@@}" Started at [2013/1/11 13:48:24].
=============================================

=============================================

Program or Command "10.34.135.154:get_connect_servers{@@}" Started at [2013/1/11 13:48:24].
=============================================

=============================================

Program or Command "get_all_servers{@@}" Started at [2013/1/11 13:49:24].
=============================================

=============================================

Program or Command "10.34.135.154:get_connect_servers{@@}" Started at [2013/1/11 13:49:24].
=============================================

=============================================

Program or Command "get_all_servers{@@}" Started at [2013/1/11 13:50:24].
=============================================

=============================================

Program or Command "10.34.135.154:get_connect_servers{@@}" Started at [2013/1/11 13:50:24].
=============================================

=============================================

Program or Command "get_all_servers{@@}" Started at [2013/1/11 13:51:24].
=============================================

=============================================

Program or Command "10.34.135.154:get_connect_servers{@@}" Started at [2013/1/11 13:51:24].
=============================================

=============================================

Program or Command "get_all_servers{@@}" Started at [2013/1/11 13:52:24].
=============================================

=============================================

Program or Command "10.34.135.154:get_connect_servers{@@}" Started at [2013/1/11 13:52:24].
=============================================

=============================================

Program or Command "get_all_servers{@@}" Started at [2013/1/11 13:53:24].
=============================================

=============================================

Program or Command "10.34.135.154:get_connect_servers{@@}" Started at [2013/1/11 13:53:24].
=============================================

=============================================

Program or Command "get_all_servers{@@}" Started at [2013/1/11 13:54:24].
=============================================

=============================================

Program or Command "10.34.135.154:get_connect_servers{@@}" Started at [2013/1/11 13:54:25].
=============================================

=============================================

Program or Command "get_all_servers{@@}" Started at [2013/1/11 13:55:25].
=============================================

=============================================

Program or Command "10.34.135.154:get_connect_servers{@@}" Started at [2013/1/11 13:55:25].
=============================================

=============================================

Program or Command "get_all_servers{@@}" Started at [2013/1/11 13:56:25].
=============================================

=============================================

Program or Command "10.34.135.154:get_connect_servers{@@}" Started at [2013/1/11 13:56:25].
=============================================

=============================================

Program or Command "get_all_servers{@@}" Started at [2013/1/11 13:57:25].
=============================================

=============================================

Program or Command "10.34.135.154:get_connect_servers{@@}" Started at [2013/1/11 13:57:25].
=============================================

=============================================

Program or Command "get_all_servers{@@}" Started at [2013/1/11 13:58:25].
=============================================

=============================================

Program or Command "10.34.135.154:get_connect_servers{@@}" Started at [2013/1/11 13:58:25].
=============================================

=============================================

Program or Command "get_all_servers{@@}" Started at [2013/1/11 13:59:25].
=============================================

=============================================

Program or Command "10.34.135.154:get_connect_servers{@@}" Started at [2013/1/11 13:59:25].
=============================================

=============================================

Program or Command "get_all_servers{@@}" Started at [2013/1/11 14:00:25].
=============================================

=============================================

Program or Command "10.34.135.154:get_connect_servers{@@}" Started at [2013/1/11 14:00:25].
=============================================

=============================================

Program or Command "get_all_servers{@@}" Started at [2013/1/11 14:01:25].
=============================================

=============================================

Program or Command "10.34.135.154:get_connect_servers{@@}" Started at [2013/1/11 14:01:25].
=============================================

=============================================

Program or Command "get_all_servers{@@}" Started at [2013/1/11 14:02:25].
=============================================

=============================================

Program or Command "10.34.135.154:get_connect_servers{@@}" Started at [2013/1/11 14:02:25].
=============================================

=============================================

Program or Command "get_all_servers{@@}" Started at [2013/1/11 14:03:25].
=============================================

=============================================

Program or Command "10.34.135.154:get_connect_servers{@@}" Started at [2013/1/11 14:03:25].
=============================================

=============================================

Program or Command "get_all_servers{@@}" Started at [2013/1/11 14:04:25].
=============================================

=============================================

Program or Command "10.34.135.154:get_connect_servers{@@}" Started at [2013/1/11 14:04:25].
=============================================

=============================================

Program or Command "get_all_servers{@@}" Started at [2013/1/11 14:05:25].
=============================================

=============================================

Program or Command "10.34.135.154:get_connect_servers{@@}" Started at [2013/1/11 14:05:25].
=============================================

=============================================

Program or Command "get_all_servers{@@}" Started at [2013/1/11 14:06:25].
=============================================

=============================================

Program or Command "10.34.135.154:get_connect_servers{@@}" Started at [2013/1/11 14:06:25].
=============================================

=============================================

Program or Command "get_all_servers{@@}" Started at [2013/1/11 14:07:25].
=============================================

=============================================

Program or Command "10.34.135.154:get_connect_servers{@@}" Started at [2013/1/11 14:07:25].
=============================================

=============================================

Program or Command "get_all_servers{@@}" Started at [2013/1/11 14:08:25].
=============================================

=============================================

Program or Command "10.34.135.154:get_connect_servers{@@}" Started at [2013/1/11 14:08:25].
=============================================

=============================================

Program or Command "get_all_servers{@@}" Started at [2013/1/11 14:09:25].
=============================================

=============================================

Program or Command "10.34.135.154:get_connect_servers{@@}" Started at [2013/1/11 14:09:25].
=============================================

=============================================

Program or Command "get_all_servers{@@}" Started at [2013/1/11 14:10:25].
=============================================

=============================================

Program or Command "10.34.135.154:get_connect_servers{@@}" Started at [2013/1/11 14:10:25].
=============================================

=============================================

Program or Command "get_all_servers{@@}" Started at [2013/1/11 14:11:25].
=============================================

=============================================

Program or Command "10.34.135.154:get_connect_servers{@@}" Started at [2013/1/11 14:11:25].
=============================================

=============================================

Program or Command "get_all_servers{@@}" Started at [2013/1/11 14:12:25].
=============================================

=============================================

Program or Command "10.34.135.154:get_connect_servers{@@}" Started at [2013/1/11 14:12:25].
=============================================

=============================================

Program or Command "get_all_servers{@@}" Started at [2013/1/11 14:13:25].
=============================================

=============================================

Program or Command "10.34.135.154:get_connect_servers{@@}" Started at [2013/1/11 14:13:25].
=============================================

=============================================

Program or Command "get_all_servers{@@}" Started at [2013/1/11 14:14:25].
=============================================

=============================================

Program or Command "10.34.135.154:get_connect_servers{@@}" Started at [2013/1/11 14:14:25].
=============================================

=============================================

Program or Command "get_all_servers{@@}" Started at [2013/1/11 14:15:25].
=============================================

=============================================

Program or Command "10.34.135.154:get_connect_servers{@@}" Started at [2013/1/11 14:15:25].
=============================================

=============================================

Program or Command "get_all_servers{@@}" Started at [2013/1/11 14:16:25].
=============================================

=============================================

Program or Command "10.34.135.154:get_connect_servers{@@}" Started at [2013/1/11 14:16:26].
=============================================

=============================================

Program or Command "get_all_servers{@@}" Started at [2013/1/11 14:17:26].
=============================================

=============================================

Program or Command "10.34.135.154:get_connect_servers{@@}" Started at [2013/1/11 14:17:26].
=============================================

=============================================

Program or Command "get_all_servers{@@}" Started at [2013/1/11 14:18:26].
=============================================

=============================================

Program or Command "10.34.135.154:get_connect_servers{@@}" Started at [2013/1/11 14:18:26].
=============================================

=============================================

Program or Command "get_all_servers{@@}" Started at [2013/1/11 14:19:26].
=============================================

=============================================

Program or Command "10.34.135.154:get_connect_servers{@@}" Started at [2013/1/11 14:19:26].
=============================================

=============================================

Program or Command "get_all_servers{@@}" Started at [2013/1/11 14:20:26].
=============================================

=============================================

Program or Command "10.34.135.154:get_connect_servers{@@}" Started at [2013/1/11 14:20:26].
=============================================

=============================================

Program or Command "get_all_servers{@@}" Started at [2013/1/11 14:21:26].
=============================================

=============================================

Program or Command "10.34.135.154:get_connect_servers{@@}" Started at [2013/1/11 14:21:26].
=============================================

=============================================

Program or Command "get_all_servers{@@}" Started at [2013/1/11 14:22:26].
=============================================

=============================================

Program or Command "10.34.135.154:get_connect_servers{@@}" Started at [2013/1/11 14:22:26].
=============================================

=============================================

Program or Command "get_all_servers{@@}" Started at [2013/1/11 14:23:26].
=============================================

=============================================

Program or Command "10.34.135.154:get_connect_servers{@@}" Started at [2013/1/11 14:23:26].
=============================================

=============================================

Program or Command "get_all_servers{@@}" Started at [2013/1/11 14:24:26].
=============================================

=============================================

Program or Command "10.34.135.154:get_connect_servers{@@}" Started at [2013/1/11 14:24:26].
=============================================

Cron for Windows by http://wangheng.org : Service Started at [2013/1/11 14:26:21]
=============================================

Program or Command "get_all_servers{@@}" Started at [2013/1/11 14:26:21].
=============================================

=============================================

Program or Command "10.34.135.154:get_connect_servers{@@}" Started at [2013/1/11 14:26:21].
=============================================

=============================================

Program or Command "get_all_servers{@@}" Started at [2013/1/11 14:27:23].
=============================================

=============================================

Program or Command "10.34.135.154:get_connect_servers{@@}" Started at [2013/1/11 14:27:27].
=============================================

=============================================

Program or Command "get_all_servers{@@}" Started at [2013/1/11 14:28:33].
=============================================

=============================================

Program or Command "10.34.135.154:get_connect_servers{@@}" Started at [2013/1/11 14:28:33].
=============================================

Cron for Windows by http://wangheng.org : Service Started at [2013/1/11 14:31:38]
=============================================

Program or Command "get_all_servers{@@}" Started at [2013/1/11 14:31:38].
=============================================

=============================================

Program or Command "10.34.135.154:get_connect_servers{@@}" Started at [2013/1/11 14:31:38].
=============================================

Cron for Windows by http://wangheng.org : Service Started at [2013/1/11 14:54:59]
=============================================

Program or Command "get_all_servers{@@}" Started at [2013/1/11 14:54:59].
=============================================

=============================================

Program or Command "10.34.135.154:get_connect_servers{@@}" Started at [2013/1/11 14:54:59].
=============================================

=============================================

Program or Command "get_all_servers{@@}" Started at [2013/1/11 14:55:59].
=============================================

=============================================

Program or Command "10.34.135.154:get_connect_servers{@@}" Started at [2013/1/11 14:55:59].
=============================================

=============================================

Program or Command "get_all_servers{@@}" Started at [2013/1/11 14:56:59].
=============================================

=============================================

Program or Command "10.34.135.154:get_connect_servers{@@}" Started at [2013/1/11 14:56:59].
=============================================

Cron for Windows by http://wangheng.org : Service Started at [2013/1/11 14:58:50]
=============================================

Program or Command "get_all_servers{@@}" Started at [2013/1/11 14:58:50].
=============================================

=============================================

Program or Command "10.34.135.154:get_connect_servers{@@}" Started at [2013/1/11 14:58:50].
=============================================

=============================================

Program or Command "get_all_servers{@@}" Started at [2013/1/11 15:00:38].
=============================================

=============================================

Program or Command "10.34.135.154:get_connect_servers{@@}" Started at [2013/1/11 15:00:38].
=============================================

=============================================

Program or Command "get_all_servers{@@}" Started at [2013/1/11 15:02:14].
=============================================

=============================================

Program or Command "10.34.135.154:get_connect_servers{@@}" Started at [2013/1/11 15:02:14].
=============================================

Cron for Windows by http://wangheng.org : Service Started at [2013/1/11 15:02:50]
=============================================

Program or Command "get_all_servers{@@}" Started at [2013/1/11 15:02:50].
=============================================

=============================================

Program or Command "10.34.135.154:get_connect_servers{@@}" Started at [2013/1/11 15:02:50].
=============================================

=============================================

Program or Command "get_all_servers{@@}" Started at [2013/1/11 15:03:50].
=============================================

=============================================

Program or Command "10.34.135.154:get_connect_servers{@@}" Started at [2013/1/11 15:03:50].
=============================================

=============================================

Program or Command "get_all_servers{@@}" Started at [2013/1/11 15:04:50].
=============================================

=============================================

Program or Command "10.34.135.154:get_connect_servers{@@}" Started at [2013/1/11 15:04:50].
=============================================

=============================================

Program or Command "get_all_servers{@@}" Started at [2013/1/11 15:05:50].
=============================================

=============================================

Program or Command "10.34.135.154:get_connect_servers{@@}" Started at [2013/1/11 15:05:50].
=============================================

=============================================

Program or Command "get_all_servers{@@}" Started at [2013/1/11 15:06:50].
=============================================

=============================================

Program or Command "10.34.135.154:get_connect_servers{@@}" Started at [2013/1/11 15:06:50].
=============================================

Cron for Windows by http://wangheng.org : Service Started at [2013/1/11 15:12:10]
=============================================

Program or Command "get_all_servers{@@}" Started at [2013/1/11 15:12:10].
=============================================

=============================================

Program or Command "10.34.135.154:get_connect_servers{@@}" Started at [2013/1/11 15:12:10].
=============================================

=============================================

Program or Command "get_all_servers{@@}" Started at [2013/1/11 15:13:10].
=============================================

=============================================

Program or Command "10.34.135.154:get_connect_servers{@@}" Started at [2013/1/11 15:13:10].
=============================================

=============================================

Program or Command "get_all_servers{@@}" Started at [2013/1/11 15:14:10].
=============================================

=============================================

Program or Command "10.34.135.154:get_connect_servers{@@}" Started at [2013/1/11 15:14:10].
=============================================

=============================================

Program or Command "get_all_servers{@@}" Started at [2013/1/11 15:15:10].
=============================================

=============================================

Program or Command "10.34.135.154:get_connect_servers{@@}" Started at [2013/1/11 15:15:10].
=============================================

Cron for Windows by http://wangheng.org : Service Started at [2013/1/11 15:17:00]
=============================================

Program or Command "get_all_servers{@@}" Started at [2013/1/11 15:17:00].
=============================================

=============================================

Program or Command "10.34.135.154:get_connect_servers{@@}" Started at [2013/1/11 15:17:00].
=============================================

=============================================

Program or Command "get_all_servers{@@}" Started at [2013/1/11 15:18:00].
=============================================

=============================================

Program or Command "10.34.135.154:get_connect_servers{@@}" Started at [2013/1/11 15:18:00].
=============================================

Cron for Windows by http://wangheng.org : Service Started at [2013/1/11 15:23:14]
=============================================

Program or Command "get_all_servers{@@}" Started at [2013/1/11 15:23:14].
=============================================

=============================================

Program or Command "10.34.135.154:get_connect_servers{@@}" Started at [2013/1/11 15:23:14].
=============================================

Cron for Windows by http://wangheng.org : Service Started at [2013/1/11 15:32:59]
=============================================

Program or Command "get_all_servers{@@}" Started at [2013/1/11 15:32:59].
=============================================

=============================================

Program or Command "10.34.135.154:get_connect_servers{@@}" Started at [2013/1/11 15:32:59].
=============================================

Cron for Windows by http://wangheng.org : Service Started at [2013/1/11 16:25:31]
=============================================

Program or Command "get_all_servers{@@}" Started at [2013/1/11 16:25:31].
=============================================

=============================================

Program or Command "10.34.135.154:get_connect_servers{@@}" Started at [2013/1/11 16:25:31].
=============================================

Cron for Windows by http://wangheng.org : Service Started at [2013/1/11 16:27:33]
=============================================

Program or Command "get_all_servers{@@}" Started at [2013/1/11 16:27:33].
=============================================

=============================================

Program or Command "10.34.135.154:get_connect_servers{@@}" Started at [2013/1/11 16:27:33].
=============================================

=============================================

Program or Command "get_all_servers{@@}" Started at [2013/1/11 16:28:33].
=============================================

=============================================

Program or Command "10.34.135.154:get_connect_servers{@@}" Started at [2013/1/11 16:28:33].
=============================================

Cron for Windows by http://wangheng.org : Service Started at [2013/1/11 16:30:09]
=============================================

Program or Command "get_all_servers{@@}" Started at [2013/1/11 16:30:09].
=============================================

=============================================

Program or Command "10.34.135.154:get_connect_servers{@@}" Started at [2013/1/11 16:30:09].
=============================================

=============================================

Program or Command "get_all_servers{@@}" Started at [2013/1/11 16:31:09].
=============================================

=============================================

Program or Command "10.34.135.154:get_connect_servers{@@}" Started at [2013/1/11 16:31:09].
=============================================

=============================================

Program or Command "get_all_servers{@@}" Started at [2013/1/11 16:32:09].
=============================================

=============================================

Program or Command "10.34.135.154:get_connect_servers{@@}" Started at [2013/1/11 16:32:09].
=============================================

Cron for Windows by http://wangheng.org : Service Started at [2013/1/11 16:36:27]
=============================================

Program or Command "get_all_servers{@@}" Started at [2013/1/11 16:36:27].
=============================================

=============================================

Program or Command "10.34.135.154:get_connect_servers{@@}" Started at [2013/1/11 16:36:27].
=============================================

Cron for Windows by http://wangheng.org : Service Started at [2013/1/11 16:39:44]
=============================================

Program or Command "get_all_servers{@@}" Started at [2013/1/11 16:39:44].
=============================================

=============================================

Program or Command "10.34.135.154:get_connect_servers{@@}" Started at [2013/1/11 16:39:44].
=============================================

Cron for Windows by http://wangheng.org : Service Started at [2013/1/11 16:40:36]
=============================================

Program or Command "get_all_servers{@@}" Started at [2013/1/11 16:40:36].
=============================================

=============================================

Program or Command "10.34.135.154:get_connect_servers{@@}" Started at [2013/1/11 16:40:36].
=============================================

Cron for Windows by http://wangheng.org : Service Started at [2013/1/11 16:41:33]
=============================================

Program or Command "get_all_servers{@@}" Started at [2013/1/11 16:41:33].
=============================================

=============================================

Program or Command "10.34.135.154:get_connect_servers{@@}" Started at [2013/1/11 16:41:33].
=============================================

=============================================

Program or Command "get_all_servers{@@}" Started at [2013/1/11 16:42:33].
=============================================

=============================================

Program or Command "10.34.135.154:get_connect_servers{@@}" Started at [2013/1/11 16:42:33].
=============================================

Cron for Windows by http://wangheng.org : Service Started at [2013/1/11 16:43:23]
=============================================

Program or Command "get_all_servers{@@}" Started at [2013/1/11 16:43:23].
=============================================

=============================================

Program or Command "10.34.135.154:get_connect_servers{@@}" Started at [2013/1/11 16:43:23].
=============================================

Cron for Windows by http://wangheng.org : Service Started at [2013/1/11 16:47:37]
=============================================

Program or Command "get_all_servers{@@}" Started at [2013/1/11 16:47:37].
=============================================

=============================================

Program or Command "10.34.135.154:get_connect_servers{@@}" Started at [2013/1/11 16:47:37].
=============================================

=============================================

Program or Command "get_all_servers{@@}" Started at [2013/1/11 16:48:37].
=============================================

=============================================

Program or Command "10.34.135.154:get_connect_servers{@@}" Started at [2013/1/11 16:48:37].
=============================================

Cron for Windows by http://wangheng.org : Service Started at [2013/1/11 16:49:50]
=============================================

Program or Command "get_all_servers{@@}" Started at [2013/1/11 16:49:50].
=============================================

=============================================

Program or Command "10.34.135.154:get_connect_servers{@@}" Started at [2013/1/11 16:49:50].
=============================================

Cron for Windows by http://wangheng.org : Service Started at [2013/1/11 16:50:36]
=============================================

Program or Command "get_all_servers{@@}" Started at [2013/1/11 16:50:36].
=============================================

=============================================

Program or Command "10.34.135.154:get_connect_servers{@@}" Started at [2013/1/11 16:50:36].
=============================================

Cron for Windows by http://wangheng.org : Service Started at [2013/1/11 16:55:27]
=============================================

Program or Command "get_all_servers{@@}" Started at [2013/1/11 16:55:27].
=============================================

=============================================

Program or Command "10.34.135.154:get_connect_servers{@@}" Started at [2013/1/11 16:55:27].
=============================================

=============================================

Program or Command "get_all_servers{@@}" Started at [2013/1/11 16:56:27].
=============================================

=============================================

Program or Command "10.34.135.154:get_connect_servers{@@}" Started at [2013/1/11 16:56:27].
=============================================

Cron for Windows by http://wangheng.org : Service Started at [2013/1/11 17:06:15]
=============================================

Program or Command "get_all_servers{@@}" Started at [2013/1/11 17:06:15].
=============================================

=============================================

Program or Command "10.34.135.154:get_connect_servers{@@}" Started at [2013/1/11 17:06:15].
=============================================

=============================================

Program or Command "get_all_servers{@@}" Started at [2013/1/11 17:07:15].
=============================================

=============================================

Program or Command "10.34.135.154:get_connect_servers{@@}" Started at [2013/1/11 17:07:15].
=============================================

=============================================

Program or Command "get_all_servers{@@}" Started at [2013/1/11 17:08:15].
=============================================

=============================================

Program or Command "10.34.135.154:get_connect_servers{@@}" Started at [2013/1/11 17:08:15].
=============================================

